<?xml version="1.0" encoding="UTF-8"?>
<!-- Generated by org.testng.reporters.JUnitReportReporter -->
<testsuite skipped="8" hostname="PINENOIL12017" name="pine.test.myMain.TestOne" tests="8" failures="0" timestamp="11 Sep 2020 14:11:15 GMT" time="0.000" errors="0">
  <testcase name="LoginPageTest" time="0.000" classname="pine.test.myMain.TestOne">
    <skipped/>
  </testcase> <!-- LoginPageTest -->
  <testcase name="TestMerchantCreation" time="0.000" classname="pine.test.myMain.TestOne">
    <skipped/>
  </testcase> <!-- TestMerchantCreation -->
  <testcase name="MerchantApprovalTest" time="0.000" classname="pine.test.myMain.TestOne">
    <skipped/>
  </testcase> <!-- MerchantApprovalTest -->
  <testcase name="ToVerifyStoreCreation" time="0.000" classname="pine.test.myMain.TestOne">
    <skipped/>
  </testcase> <!-- ToVerifyStoreCreation -->
  <testcase name="ToVerifyStoreApproval" time="0.000" classname="pine.test.myMain.TestOne">
    <skipped/>
  </testcase> <!-- ToVerifyStoreApproval -->
  <testcase name="TerminalCreationTest" time="0.000" classname="pine.test.myMain.TestOne">
    <skipped/>
  </testcase> <!-- TerminalCreationTest -->
  <testcase name="PVMUploadTest" time="0.000" classname="pine.test.myMain.TestOne">
    <skipped/>
  </testcase> <!-- PVMUploadTest -->
  <testcase name="PVMAssociationTest" time="0.000" classname="pine.test.myMain.TestOne">
    <skipped/>
  </testcase> <!-- PVMAssociationTest -->
</testsuite> <!-- pine.test.myMain.TestOne -->
