<?xml version="1.0" encoding="UTF-8"?>
<!-- Generated by org.testng.reporters.JUnitReportReporter -->
<testsuite skipped="0" hostname="PINENOIL12017" name="pine.test.utility.TestClass" tests="1" failures="0" timestamp="02 Sep 2020 13:06:41 GMT" time="3.145" errors="0">
  <testcase name="test" time="3.145" classname="pine.test.utility.TestClass"/>
</testsuite> <!-- pine.test.utility.TestClass -->
