<?xml version="1.0" encoding="UTF-8"?>
<!-- Generated by org.testng.reporters.JUnitReportReporter -->
<testsuite skipped="0" hostname="PINENOIL12017" name="pine.test.one.TestOne" tests="1" failures="0" timestamp="01 Apr 2019 12:30:13 GMT" time="100.116" errors="0">
  <testcase name="TestMerchantCreation" time="100.116" classname="pine.test.one.TestOne"/>
</testsuite> <!-- pine.test.one.TestOne -->
