<?xml version="1.0" encoding="UTF-8"?>
<!-- Generated by org.testng.reporters.JUnitReportReporter -->
<testsuite skipped="0" hostname="PINENOIL12017" name="PLAutomation.MCUI_Automation.AppTest" tests="1" failures="0" timestamp="14 Oct 2020 05:40:02 GMT" time="13.690" errors="0">
  <testcase name="LoginPageTest" time="13.690" classname="PLAutomation.MCUI_Automation.AppTest"/>
</testsuite> <!-- PLAutomation.MCUI_Automation.AppTest -->
